[2025-10-12 11:20:37] [main] INFO  org.testng.internal.Utils - [TestNG] Running:
  C:\Users\Alexa\AppData\Local\JetBrains\IntelliJIdea2025.2\temp-testng-customsuite.xml

[2025-10-12 11:20:37] [main] INFO  org.example.test.FormTest - Start beforeTest
[2025-10-12 11:20:37] [main] INFO  io.github.bonigarcia.wdm.WebDriverManager - Using chromedriver 141.0.7390.76 (resolved driver for Chrome 141)
[2025-10-12 11:20:37] [main] INFO  io.github.bonigarcia.wdm.WebDriverManager - Exporting webdriver.chrome.driver as C:\Users\Alexa\.cache\selenium\chromedriver\win64\141.0.7390.76\chromedriver.exe
[2025-10-12 11:20:38] [main] INFO  org.example.test.FormTest - Start formTest
[2025-10-12 11:21:10] [main] INFO  org.example.test.FormTest - Finish formTest
[2025-10-12 11:21:10] [main] INFO  org.example.test.FormTest - Finish afterTest
[2025-10-12 12:58:09] [main] INFO  org.testng.internal.Utils - [TestNG] Running:
  C:\Users\Alexa\AppData\Local\JetBrains\IntelliJIdea2025.2\temp-testng-customsuite.xml

[2025-10-12 12:58:09] [main] INFO  org.example.test.FormTest - Start beforeTest
[2025-10-12 13:01:13] [main] INFO  org.testng.internal.Utils - [TestNG] Running:
  C:\Users\Alexa\AppData\Local\JetBrains\IntelliJIdea2025.2\temp-testng-customsuite.xml

[2025-10-12 13:01:13] [main] INFO  org.example.test.FormTest - Start beforeTest
[2025-10-12 13:01:14] [main] INFO  io.github.bonigarcia.wdm.WebDriverManager - Using chromedriver 141.0.7390.76 (resolved driver for Chrome 141)
[2025-10-12 13:01:14] [main] INFO  io.github.bonigarcia.wdm.WebDriverManager - Exporting webdriver.chrome.driver as C:\Users\Alexa\.cache\selenium\chromedriver\win64\141.0.7390.76\chromedriver.exe
[2025-10-12 13:01:15] [main] INFO  org.example.test.FormTest - Start formTest
[2025-10-12 13:01:23] [main] INFO  org.example.test.FormTest - Finish formTest
[2025-10-12 13:01:23] [main] INFO  org.example.test.FormTest - Finish afterTest
[2025-10-12 13:02:11] [main] INFO  org.testng.internal.Utils - [TestNG] Running:
  C:\Users\Alexa\AppData\Local\JetBrains\IntelliJIdea2025.2\temp-testng-customsuite.xml

[2025-10-12 13:02:11] [main] INFO  org.example.test.FormTest - Start beforeTest
[2025-10-12 13:03:42] [main] INFO  org.testng.internal.Utils - [TestNG] Running:
  C:\Users\Alexa\AppData\Local\JetBrains\IntelliJIdea2025.2\temp-testng-customsuite.xml

[2025-10-12 13:03:42] [main] INFO  org.example.test.FormTest - Start beforeTest
[2025-10-12 13:03:44] [main] INFO  org.example.test.FormTest - Start formTest
[2025-10-12 13:03:52] [main] INFO  org.example.test.FormTest - Finish formTest
[2025-10-12 13:03:52] [main] INFO  org.example.test.FormTest - Finish afterTest
[2025-10-12 13:04:46] [main] INFO  org.testng.internal.Utils - [TestNG] Running:
  C:\Users\Alexa\AppData\Local\JetBrains\IntelliJIdea2025.2\temp-testng-customsuite.xml

[2025-10-12 13:04:46] [main] INFO  org.example.test.FormTest - Start beforeTest
[2025-10-12 13:04:52] [main] INFO  org.testng.internal.Utils - [TestNG] Running:
  C:\Users\Alexa\AppData\Local\JetBrains\IntelliJIdea2025.2\temp-testng-customsuite.xml

[2025-10-12 13:04:52] [main] INFO  org.example.test.FormTest - Start beforeTest
[2025-10-12 13:06:12] [main] INFO  org.testng.internal.Utils - [TestNG] Running:
  C:\Users\Alexa\AppData\Local\JetBrains\IntelliJIdea2025.2\temp-testng-customsuite.xml

[2025-10-12 13:06:12] [main] INFO  org.example.test.FormTest - Start beforeTest
[2025-10-12 13:14:01] [main] INFO  org.testng.internal.Utils - [TestNG] Running:
  C:\Users\Alexa\AppData\Local\JetBrains\IntelliJIdea2025.2\temp-testng-customsuite.xml

[2025-10-12 13:14:01] [main] INFO  org.example.test.FormTest - Start beforeTest
[2025-10-12 13:14:13] [main] INFO  org.testng.internal.Utils - [TestNG] Running:
  C:\Users\Alexa\AppData\Local\JetBrains\IntelliJIdea2025.2\temp-testng-customsuite.xml

[2025-10-12 13:14:13] [main] INFO  org.example.test.FormTest - Start beforeTest
[2025-10-12 13:21:33] [main] INFO  org.testng.internal.Utils - [TestNG] Running:
  C:\Users\Alexa\AppData\Local\JetBrains\IntelliJIdea2025.2\temp-testng-customsuite.xml

[2025-10-12 13:21:34] [main] INFO  org.example.test.FormTest - Start beforeTest
[2025-10-12 13:22:05] [main] INFO  org.testng.internal.Utils - [TestNG] Running:
  C:\Users\Alexa\AppData\Local\JetBrains\IntelliJIdea2025.2\temp-testng-customsuite.xml

[2025-10-12 13:22:05] [main] INFO  org.example.test.FormTest - Start beforeTest
[2025-10-12 13:24:04] [main] INFO  org.testng.internal.Utils - [TestNG] Running:
  C:\Users\Alexa\AppData\Local\JetBrains\IntelliJIdea2025.2\temp-testng-customsuite.xml

[2025-10-12 13:24:04] [main] INFO  org.example.test.FormTest - Start beforeTest
[2025-10-12 13:27:14] [main] INFO  org.testng.internal.Utils - [TestNG] Running:
  C:\Users\Alexa\AppData\Local\JetBrains\IntelliJIdea2025.2\temp-testng-customsuite.xml

[2025-10-12 13:27:14] [main] INFO  org.example.test.FormTest - Start beforeTest
[2025-10-12 13:33:34] [main] INFO  org.testng.internal.Utils - [TestNG] Running:
  C:\Users\Alexa\AppData\Local\JetBrains\IntelliJIdea2025.2\temp-testng-customsuite.xml

[2025-10-12 13:33:34] [main] INFO  org.example.test.FormTest - Start beforeTest
[2025-10-12 13:34:46] [main] INFO  org.testng.internal.Utils - [TestNG] Running:
  C:\Users\Alexa\AppData\Local\JetBrains\IntelliJIdea2025.2\temp-testng-customsuite.xml

[2025-10-12 13:34:46] [main] INFO  org.example.test.FormTest - Start beforeTest
[2025-10-12 13:34:50] [main] INFO  org.example.test.FormTest - Start formTest
[2025-10-12 13:34:59] [main] INFO  org.example.test.FormTest - Finish formTest
[2025-10-12 13:34:59] [main] INFO  org.example.test.FormTest - Finish afterTest
[2025-10-12 13:35:53] [main] INFO  org.testng.internal.Utils - [TestNG] Running:
  C:\Users\Alexa\AppData\Local\JetBrains\IntelliJIdea2025.2\temp-testng-customsuite.xml

[2025-10-12 13:35:53] [main] INFO  org.example.test.FormTest - Start beforeTest
[2025-10-12 13:35:56] [main] INFO  org.example.test.FormTest - Start formTest
[2025-10-12 13:36:03] [main] INFO  org.example.test.FormTest - Finish formTest
[2025-10-12 13:36:03] [main] INFO  org.example.test.FormTest - Finish afterTest
[2025-10-12 13:42:40] [main] INFO  org.testng.internal.Utils - [TestNG] Running:
  C:\Users\Alexa\AppData\Local\JetBrains\IntelliJIdea2025.2\temp-testng-customsuite.xml

[2025-10-12 13:42:40] [main] INFO  org.example.test.FormTest - Start beforeTest
[2025-10-12 13:42:40] [main] INFO  io.github.bonigarcia.wdm.WebDriverManager - Using chromedriver 141.0.7390.76 (resolved driver for Chrome 141)
[2025-10-12 13:42:40] [main] INFO  io.github.bonigarcia.wdm.WebDriverManager - Exporting webdriver.chrome.driver as C:\Users\Alexa\.cache\selenium\chromedriver\win64\141.0.7390.76\chromedriver.exe
[2025-10-12 13:42:41] [main] INFO  org.example.test.FormTest - Start formTest
[2025-10-12 13:55:51] [main] INFO  org.example.test.FormTest - Finish formTest
[2025-10-12 13:55:55] [main] INFO  org.testng.internal.Utils - [TestNG] Running:
  C:\Users\Alexa\AppData\Local\JetBrains\IntelliJIdea2025.2\temp-testng-customsuite.xml

[2025-10-12 13:55:55] [main] INFO  org.example.test.FormTest - Start beforeTest
[2025-10-12 13:55:55] [main] INFO  io.github.bonigarcia.wdm.WebDriverManager - Using chromedriver 141.0.7390.76 (resolved driver for Chrome 141)
[2025-10-12 13:55:55] [main] INFO  io.github.bonigarcia.wdm.WebDriverManager - Exporting webdriver.chrome.driver as C:\Users\Alexa\.cache\selenium\chromedriver\win64\141.0.7390.76\chromedriver.exe
[2025-10-12 13:55:56] [main] INFO  org.example.test.FormTest - Start formTest
[2025-10-12 13:56:56] [main] INFO  org.example.test.FormTest - Finish formTest
[2025-10-12 14:02:30] [main] INFO  org.testng.internal.Utils - [TestNG] Running:
  C:\Users\Alexa\AppData\Local\JetBrains\IntelliJIdea2025.2\temp-testng-customsuite.xml

[2025-10-12 14:02:30] [main] INFO  org.example.test.FormTest - Start beforeTest
[2025-10-12 14:02:31] [main] INFO  io.github.bonigarcia.wdm.WebDriverManager - Using chromedriver 141.0.7390.76 (resolved driver for Chrome 141)
[2025-10-12 14:02:31] [main] INFO  io.github.bonigarcia.wdm.WebDriverManager - Exporting webdriver.chrome.driver as C:\Users\Alexa\.cache\selenium\chromedriver\win64\141.0.7390.76\chromedriver.exe
[2025-10-12 14:02:32] [main] INFO  org.example.test.FormTest - Start formTest
[2025-10-12 14:02:39] [main] INFO  org.example.test.FormTest - Finish afterTest
[2025-10-12 14:04:30] [main] INFO  org.testng.internal.Utils - [TestNG] Running:
  C:\Users\Alexa\AppData\Local\JetBrains\IntelliJIdea2025.2\temp-testng-customsuite.xml

[2025-10-12 14:04:30] [main] INFO  org.example.test.FormTest - Start beforeTest
[2025-10-12 14:04:31] [main] INFO  io.github.bonigarcia.wdm.WebDriverManager - Using chromedriver 141.0.7390.76 (resolved driver for Chrome 141)
[2025-10-12 14:04:31] [main] INFO  io.github.bonigarcia.wdm.WebDriverManager - Exporting webdriver.chrome.driver as C:\Users\Alexa\.cache\selenium\chromedriver\win64\141.0.7390.76\chromedriver.exe
[2025-10-12 14:04:32] [main] INFO  org.example.test.FormTest - Start formTest
[2025-10-12 14:04:34] [main] INFO  org.example.test.FormTest - Finish afterTest
[2025-10-12 14:04:41] [main] INFO  org.testng.internal.Utils - [TestNG] Running:
  C:\Users\Alexa\AppData\Local\JetBrains\IntelliJIdea2025.2\temp-testng-customsuite.xml

[2025-10-12 14:04:41] [main] INFO  org.example.test.FormTest - Start beforeTest
[2025-10-12 14:04:41] [main] INFO  io.github.bonigarcia.wdm.WebDriverManager - Using chromedriver 141.0.7390.76 (resolved driver for Chrome 141)
[2025-10-12 14:04:41] [main] INFO  io.github.bonigarcia.wdm.WebDriverManager - Exporting webdriver.chrome.driver as C:\Users\Alexa\.cache\selenium\chromedriver\win64\141.0.7390.76\chromedriver.exe
[2025-10-12 14:04:42] [main] INFO  org.example.test.FormTest - Start formTest
[2025-10-12 14:04:51] [main] INFO  org.example.test.FormTest - Finish afterTest
[2025-10-12 14:05:18] [main] INFO  org.testng.internal.Utils - [TestNG] Running:
  C:\Users\Alexa\AppData\Local\JetBrains\IntelliJIdea2025.2\temp-testng-customsuite.xml

[2025-10-12 14:05:18] [main] INFO  org.example.test.FormTest - Start beforeTest
[2025-10-12 14:05:18] [main] INFO  io.github.bonigarcia.wdm.WebDriverManager - Using chromedriver 141.0.7390.76 (resolved driver for Chrome 141)
[2025-10-12 14:05:18] [main] INFO  io.github.bonigarcia.wdm.WebDriverManager - Exporting webdriver.chrome.driver as C:\Users\Alexa\.cache\selenium\chromedriver\win64\141.0.7390.76\chromedriver.exe
[2025-10-12 14:05:19] [main] INFO  org.example.test.FormTest - Start formTest
[2025-10-12 14:05:27] [main] INFO  org.example.test.FormTest - Finish afterTest
[2025-10-12 14:05:55] [main] INFO  org.testng.internal.Utils - [TestNG] Running:
  C:\Users\Alexa\AppData\Local\JetBrains\IntelliJIdea2025.2\temp-testng-customsuite.xml

[2025-10-12 14:05:55] [main] INFO  org.example.test.FormTest - Start beforeTest
[2025-10-12 14:05:56] [main] INFO  io.github.bonigarcia.wdm.WebDriverManager - Using chromedriver 141.0.7390.76 (resolved driver for Chrome 141)
[2025-10-12 14:05:56] [main] INFO  io.github.bonigarcia.wdm.WebDriverManager - Exporting webdriver.chrome.driver as C:\Users\Alexa\.cache\selenium\chromedriver\win64\141.0.7390.76\chromedriver.exe
[2025-10-12 14:05:57] [main] INFO  org.example.test.FormTest - Start formTest
[2025-10-12 14:06:04] [main] INFO  org.example.test.FormTest - Finish afterTest
[2025-10-12 14:07:05] [main] INFO  org.testng.internal.Utils - [TestNG] Running:
  C:\Users\Alexa\AppData\Local\JetBrains\IntelliJIdea2025.2\temp-testng-customsuite.xml

[2025-10-12 14:07:05] [main] INFO  org.example.test.FormTest - Start beforeTest
[2025-10-12 14:07:06] [main] INFO  io.github.bonigarcia.wdm.WebDriverManager - Using chromedriver 141.0.7390.76 (resolved driver for Chrome 141)
[2025-10-12 14:07:06] [main] INFO  io.github.bonigarcia.wdm.WebDriverManager - Exporting webdriver.chrome.driver as C:\Users\Alexa\.cache\selenium\chromedriver\win64\141.0.7390.76\chromedriver.exe
[2025-10-12 14:07:07] [main] INFO  org.example.test.FormTest - Start formTest
[2025-10-12 14:07:40] [main] INFO  org.example.test.FormTest - Finish formTest
[2025-10-12 14:10:14] [main] INFO  org.testng.internal.Utils - [TestNG] Running:
  C:\Users\Alexa\AppData\Local\JetBrains\IntelliJIdea2025.2\temp-testng-customsuite.xml

[2025-10-12 14:10:14] [main] INFO  org.example.test.FormTest - Start beforeTest
[2025-10-12 14:10:18] [main] INFO  org.example.test.FormTest - Start formTest
[2025-10-12 14:10:27] [main] INFO  org.example.test.FormTest - Finish formTest
[2025-10-12 14:10:27] [main] INFO  org.example.test.FormTest - Finish afterTest
[2025-10-12 14:11:00] [main] INFO  org.testng.internal.Utils - [TestNG] Running:
  C:\Users\Alexa\AppData\Local\JetBrains\IntelliJIdea2025.2\temp-testng-customsuite.xml

[2025-10-12 14:11:00] [main] INFO  org.example.test.FormTest - Start beforeTest
[2025-10-12 14:11:02] [main] INFO  org.example.test.FormTest - Start formTest
[2025-10-12 14:11:10] [main] INFO  org.example.test.FormTest - Finish formTest
[2025-10-12 14:11:10] [main] INFO  org.example.test.FormTest - Finish afterTest
[2025-10-16 08:03:08] [main] INFO  org.testng.internal.Utils - [TestNG] Running:
  C:\Users\Alexa\AppData\Local\JetBrains\IntelliJIdea2025.2\temp-testng-customsuite.xml

[2025-10-16 08:03:08] [main] INFO  org.example.test.FormTest - Start beforeTest
[2025-10-16 08:03:11] [main] INFO  io.github.bonigarcia.wdm.WebDriverManager - Using chromedriver 141.0.7390.78 (resolved driver for Chrome 141)
[2025-10-16 08:03:11] [main] INFO  io.github.bonigarcia.wdm.online.Downloader - Downloading https://storage.googleapis.com/chrome-for-testing-public/141.0.7390.78/win64/chromedriver-win64.zip
[2025-10-16 08:03:32] [main] INFO  io.github.bonigarcia.wdm.online.Downloader - Extracting driver from compressed file chromedriver-win64.zip
[2025-10-16 08:03:32] [main] INFO  io.github.bonigarcia.wdm.WebDriverManager - Exporting webdriver.chrome.driver as C:\Users\Alexa\.cache\selenium\chromedriver\win64\141.0.7390.78\chromedriver.exe
[2025-10-16 08:03:34] [main] INFO  org.example.test.FormTest - Start formTest
[2025-10-16 08:03:42] [main] INFO  org.example.test.FormTest - Finish afterTest
[2025-10-16 08:03:54] [main] INFO  org.testng.internal.Utils - [TestNG] Running:
  C:\Users\Alexa\AppData\Local\JetBrains\IntelliJIdea2025.2\temp-testng-customsuite.xml

[2025-10-16 08:03:54] [main] INFO  org.example.test.FormTest - Start beforeTest
[2025-10-16 08:03:54] [main] INFO  io.github.bonigarcia.wdm.WebDriverManager - Using chromedriver 141.0.7390.78 (resolved driver for Chrome 141)
[2025-10-16 08:03:54] [main] INFO  io.github.bonigarcia.wdm.WebDriverManager - Exporting webdriver.chrome.driver as C:\Users\Alexa\.cache\selenium\chromedriver\win64\141.0.7390.78\chromedriver.exe
[2025-10-16 08:03:55] [main] INFO  org.example.test.FormTest - Start formTest
[2025-10-16 08:04:24] [main] INFO  org.example.test.FormTest - Finish afterTest
[2025-10-16 08:04:34] [main] INFO  org.testng.internal.Utils - [TestNG] Running:
  C:\Users\Alexa\AppData\Local\JetBrains\IntelliJIdea2025.2\temp-testng-customsuite.xml

[2025-10-16 08:04:34] [main] INFO  org.example.test.FormTest - Start beforeTest
[2025-10-16 08:04:35] [main] INFO  io.github.bonigarcia.wdm.WebDriverManager - Using chromedriver 141.0.7390.78 (resolved driver for Chrome 141)
[2025-10-16 08:04:35] [main] INFO  io.github.bonigarcia.wdm.WebDriverManager - Exporting webdriver.chrome.driver as C:\Users\Alexa\.cache\selenium\chromedriver\win64\141.0.7390.78\chromedriver.exe
[2025-10-16 08:04:36] [main] INFO  org.example.test.FormTest - Start formTest
[2025-10-16 08:04:51] [main] INFO  org.example.test.FormTest - Finish afterTest
[2025-10-16 08:09:15] [main] INFO  org.testng.internal.Utils - [TestNG] Running:
  C:\Users\Alexa\AppData\Local\JetBrains\IntelliJIdea2025.2\temp-testng-customsuite.xml

[2025-10-16 08:09:15] [main] INFO  org.example.test.FormTest - Start beforeTest
[2025-10-16 08:09:15] [main] INFO  io.github.bonigarcia.wdm.WebDriverManager - Using chromedriver 141.0.7390.78 (resolved driver for Chrome 141)
[2025-10-16 08:09:15] [main] INFO  io.github.bonigarcia.wdm.WebDriverManager - Exporting webdriver.chrome.driver as C:\Users\Alexa\.cache\selenium\chromedriver\win64\141.0.7390.78\chromedriver.exe
[2025-10-16 08:09:16] [main] INFO  org.example.test.FormTest - Start formTest
[2025-10-16 08:09:32] [main] INFO  org.example.test.FormTest - Finish formTest
[2025-10-16 08:09:52] [main] INFO  org.testng.internal.Utils - [TestNG] Running:
  C:\Users\Alexa\AppData\Local\JetBrains\IntelliJIdea2025.2\temp-testng-customsuite.xml

[2025-10-16 08:09:52] [main] INFO  org.example.test.FormTest - Start beforeTest
[2025-10-16 08:10:22] [main] INFO  org.testng.internal.Utils - [TestNG] Running:
  C:\Users\Alexa\AppData\Local\JetBrains\IntelliJIdea2025.2\temp-testng-customsuite.xml

[2025-10-16 08:10:22] [main] INFO  org.example.test.FormTest - Start beforeTest
[2025-10-16 08:10:36] [main] INFO  org.testng.internal.Utils - [TestNG] Running:
  C:\Users\Alexa\AppData\Local\JetBrains\IntelliJIdea2025.2\temp-testng-customsuite.xml

[2025-10-16 08:10:36] [main] INFO  org.example.test.FormTest - Start beforeTest
[2025-10-16 08:11:01] [main] INFO  org.testng.internal.Utils - [TestNG] Running:
  C:\Users\Alexa\AppData\Local\JetBrains\IntelliJIdea2025.2\temp-testng-customsuite.xml

[2025-10-16 08:11:01] [main] INFO  org.example.test.FormTest - Start beforeTest
[2025-10-16 08:27:38] [main] INFO  org.testng.internal.Utils - [TestNG] Running:
  C:\Users\Alexa\AppData\Local\JetBrains\IntelliJIdea2025.2\temp-testng-customsuite.xml

[2025-10-16 08:27:38] [main] INFO  org.example.test.FormTest - Start beforeTest
[2025-10-16 08:27:41] [main] INFO  org.example.test.FormTest - Start formTest
[2025-10-16 08:27:52] [main] INFO  org.example.test.FormTest - Finish formTest
[2025-10-16 08:27:52] [main] INFO  org.example.test.FormTest - Finish afterTest
[2025-10-16 08:31:56] [main] INFO  org.testng.internal.Utils - [TestNG] Running:
  C:\Users\Alexa\AppData\Local\JetBrains\IntelliJIdea2025.2\temp-testng-customsuite.xml

[2025-10-16 08:31:56] [main] INFO  org.example.test.FormTest - Start beforeTest
[2025-10-16 08:31:56] [main] INFO  io.github.bonigarcia.wdm.WebDriverManager - Using chromedriver 141.0.7390.78 (resolved driver for Chrome 141)
[2025-10-16 08:31:56] [main] INFO  io.github.bonigarcia.wdm.WebDriverManager - Exporting webdriver.chrome.driver as C:\Users\Alexa\.cache\selenium\chromedriver\win64\141.0.7390.78\chromedriver.exe
[2025-10-16 08:31:57] [main] INFO  org.example.test.FormTest - Start formTest
[2025-10-16 08:32:07] [main] INFO  org.example.test.FormTest - Finish afterTest
[2025-10-16 08:32:40] [main] INFO  org.testng.internal.Utils - [TestNG] Running:
  C:\Users\Alexa\AppData\Local\JetBrains\IntelliJIdea2025.2\temp-testng-customsuite.xml

[2025-10-16 08:32:40] [main] INFO  org.example.test.FormTest - Start beforeTest
[2025-10-16 08:32:42] [main] INFO  org.example.test.FormTest - Start formTest
[2025-10-16 08:33:10] [main] INFO  org.example.test.FormTest - Finish formTest
[2025-10-16 08:33:10] [main] INFO  org.example.test.FormTest - Finish afterTest
